The target system is: Windows -  - i686
The host system is: Linux - 3.19.0-32-generic - x86_64
Compiling the C compiler identification source file "CMakeCCompilerId.c" succeeded.
Compiler: /home/jens/winos/rosbe/i386/bin/i686-w64-mingw32-gcc 
Build flags: 
Id flags: 

The output was:
0


Compilation of the C compiler identification source "CMakeCCompilerId.c" produced "a.exe"

The C compiler identification is GNU, found in "/home/jens/winos/reactos/output-MinGW-i386/reactos/CMakeFiles/3.2.1-ReactOS/CompilerIdC/a.exe"

Compiling the CXX compiler identification source file "CMakeCXXCompilerId.cpp" succeeded.
Compiler: /home/jens/winos/rosbe/i386/bin/i686-w64-mingw32-g++ 
Build flags: 
Id flags: 

The output was:
0


Compilation of the CXX compiler identification source "CMakeCXXCompilerId.cpp" produced "a.exe"

The CXX compiler identification is GNU, found in "/home/jens/winos/reactos/output-MinGW-i386/reactos/CMakeFiles/3.2.1-ReactOS/CompilerIdCXX/a.exe"

Determining if the C compiler works passed with the following output:
Change Dir: /home/jens/winos/reactos/output-MinGW-i386/reactos/CMakeFiles/CMakeTmp

Run Build Command:"/home/jens/winos/rosbe/bin/ninja" "cmTryCompileExec3869548684"
[1/2] Building C object CMakeFiles/cmTryCompileExec3869548684.dir/testCCompiler.c.obj
[2/2] Linking C executable cmTryCompileExec3869548684.exe


Detecting C compiler ABI info compiled with the following output:
Change Dir: /home/jens/winos/reactos/output-MinGW-i386/reactos/CMakeFiles/CMakeTmp

Run Build Command:"/home/jens/winos/rosbe/bin/ninja" "cmTryCompileExec626095102"
[1/2] Building C object CMakeFiles/cmTryCompileExec626095102.dir/CMakeCCompilerABI.c.obj
[2/2] Linking C executable cmTryCompileExec626095102.exe
Using built-in specs.
COLLECT_GCC=/home/jens/winos/rosbe/i386/bin/i686-w64-mingw32-gcc
COLLECT_LTO_WRAPPER=/home/jens/winos/rosbe/i386/libexec/gcc/i686-w64-mingw32/4.7.2/lto-wrapper
Target: i686-w64-mingw32
Configured with: ../gcc/configure --target=i686-w64-mingw32 --prefix=/home/jens/winos/rosbe/i386 --with-sysroot=/home/jens/winos/rosbe/i386 --with-pkgversion=RosBE-Unix --enable-languages=c,c++ --enable-fully-dynamic-string --enable-checking=release --enable-version-specific-runtime-libs --enable-plugins --disable-shared --disable-multilib --disable-nls --disable-werror --with-gnu-ld --with-gnu-as
Thread model: win32
gcc version 4.7.2 (RosBE-Unix) 
COMPILER_PATH=/home/jens/winos/rosbe/i386/libexec/gcc/i686-w64-mingw32/4.7.2/:/home/jens/winos/rosbe/i386/libexec/gcc/i686-w64-mingw32/4.7.2/:/home/jens/winos/rosbe/i386/libexec/gcc/i686-w64-mingw32/:/home/jens/winos/rosbe/i386/lib/gcc/i686-w64-mingw32/4.7.2/:/home/jens/winos/rosbe/i386/lib/gcc/i686-w64-mingw32/:/home/jens/winos/rosbe/i386/lib/gcc/i686-w64-mingw32/4.7.2/../../../../i686-w64-mingw32/bin/
LIBRARY_PATH=/home/jens/winos/rosbe/i386/lib/gcc/i686-w64-mingw32/4.7.2/:/home/jens/winos/rosbe/i386/lib/gcc/i686-w64-mingw32/4.7.2/../../../../i686-w64-mingw32/lib/../lib/:/home/jens/winos/rosbe/i386/mingw/lib/../lib/:/home/jens/winos/rosbe/i386/lib/gcc/i686-w64-mingw32/4.7.2/../../../../i686-w64-mingw32/lib/:/home/jens/winos/rosbe/i386/mingw/lib/
COLLECT_GCC_OPTIONS='-g' '-v' '-o' 'cmTryCompileExec626095102.exe' '-mtune=generic' '-march=pentiumpro'
 /home/jens/winos/rosbe/i386/libexec/gcc/i686-w64-mingw32/4.7.2/collect2 --sysroot=/home/jens/winos/rosbe/i386 -m i386pe -Bdynamic -o cmTryCompileExec626095102.exe /home/jens/winos/rosbe/i386/lib/gcc/i686-w64-mingw32/4.7.2/../../../../i686-w64-mingw32/lib/../lib/crt2.o /home/jens/winos/rosbe/i386/lib/gcc/i686-w64-mingw32/4.7.2/crtbegin.o -L/home/jens/winos/rosbe/i386/lib/gcc/i686-w64-mingw32/4.7.2 -L/home/jens/winos/rosbe/i386/lib/gcc/i686-w64-mingw32/4.7.2/../../../../i686-w64-mingw32/lib/../lib -L/home/jens/winos/rosbe/i386/mingw/lib/../lib -L/home/jens/winos/rosbe/i386/lib/gcc/i686-w64-mingw32/4.7.2/../../../../i686-w64-mingw32/lib -L/home/jens/winos/rosbe/i386/mingw/lib CMakeFiles/cmTryCompileExec626095102.dir/CMakeCCompilerABI.c.obj --out-implib libcmTryCompileExec626095102.dll.a --major-image-version 0 --minor-image-version 0 -lmingw32 -lgcc -lmoldname -lmingwex -lmsvcrt -ladvapi32 -lshell32 -luser32 -lkernel32 -lmingw32 -lgcc -lmoldname -lmingwex -lmsvcrt /home/jens/winos/rosbe/i386/lib/gcc/i686-w64-mingw32/4.7.2/crtend.o


Parsed C implicit link information from above output:
  link line regex: [^( *|.*[/\])(i686-w64-mingw32-ld|([^/\]+-)?ld|collect2)[^/\]*( |$)]
  ignore line: [Change Dir: /home/jens/winos/reactos/output-MinGW-i386/reactos/CMakeFiles/CMakeTmp]
  ignore line: []
  ignore line: [Run Build Command:"/home/jens/winos/rosbe/bin/ninja" "cmTryCompileExec626095102"]
  ignore line: [[1/2] Building C object CMakeFiles/cmTryCompileExec626095102.dir/CMakeCCompilerABI.c.obj]
  ignore line: [[2/2] Linking C executable cmTryCompileExec626095102.exe]
  ignore line: [Using built-in specs.]
  ignore line: [COLLECT_GCC=/home/jens/winos/rosbe/i386/bin/i686-w64-mingw32-gcc]
  ignore line: [COLLECT_LTO_WRAPPER=/home/jens/winos/rosbe/i386/libexec/gcc/i686-w64-mingw32/4.7.2/lto-wrapper]
  ignore line: [Target: i686-w64-mingw32]
  ignore line: [Configured with: ../gcc/configure --target=i686-w64-mingw32 --prefix=/home/jens/winos/rosbe/i386 --with-sysroot=/home/jens/winos/rosbe/i386 --with-pkgversion=RosBE-Unix --enable-languages=c,c++ --enable-fully-dynamic-string --enable-checking=release --enable-version-specific-runtime-libs --enable-plugins --disable-shared --disable-multilib --disable-nls --disable-werror --with-gnu-ld --with-gnu-as]
  ignore line: [Thread model: win32]
  ignore line: [gcc version 4.7.2 (RosBE-Unix) ]
  ignore line: [COMPILER_PATH=/home/jens/winos/rosbe/i386/libexec/gcc/i686-w64-mingw32/4.7.2/:/home/jens/winos/rosbe/i386/libexec/gcc/i686-w64-mingw32/4.7.2/:/home/jens/winos/rosbe/i386/libexec/gcc/i686-w64-mingw32/:/home/jens/winos/rosbe/i386/lib/gcc/i686-w64-mingw32/4.7.2/:/home/jens/winos/rosbe/i386/lib/gcc/i686-w64-mingw32/:/home/jens/winos/rosbe/i386/lib/gcc/i686-w64-mingw32/4.7.2/../../../../i686-w64-mingw32/bin/]
  ignore line: [LIBRARY_PATH=/home/jens/winos/rosbe/i386/lib/gcc/i686-w64-mingw32/4.7.2/:/home/jens/winos/rosbe/i386/lib/gcc/i686-w64-mingw32/4.7.2/../../../../i686-w64-mingw32/lib/../lib/:/home/jens/winos/rosbe/i386/mingw/lib/../lib/:/home/jens/winos/rosbe/i386/lib/gcc/i686-w64-mingw32/4.7.2/../../../../i686-w64-mingw32/lib/:/home/jens/winos/rosbe/i386/mingw/lib/]
  ignore line: [COLLECT_GCC_OPTIONS='-g' '-v' '-o' 'cmTryCompileExec626095102.exe' '-mtune=generic' '-march=pentiumpro']
  link line: [ /home/jens/winos/rosbe/i386/libexec/gcc/i686-w64-mingw32/4.7.2/collect2 --sysroot=/home/jens/winos/rosbe/i386 -m i386pe -Bdynamic -o cmTryCompileExec626095102.exe /home/jens/winos/rosbe/i386/lib/gcc/i686-w64-mingw32/4.7.2/../../../../i686-w64-mingw32/lib/../lib/crt2.o /home/jens/winos/rosbe/i386/lib/gcc/i686-w64-mingw32/4.7.2/crtbegin.o -L/home/jens/winos/rosbe/i386/lib/gcc/i686-w64-mingw32/4.7.2 -L/home/jens/winos/rosbe/i386/lib/gcc/i686-w64-mingw32/4.7.2/../../../../i686-w64-mingw32/lib/../lib -L/home/jens/winos/rosbe/i386/mingw/lib/../lib -L/home/jens/winos/rosbe/i386/lib/gcc/i686-w64-mingw32/4.7.2/../../../../i686-w64-mingw32/lib -L/home/jens/winos/rosbe/i386/mingw/lib CMakeFiles/cmTryCompileExec626095102.dir/CMakeCCompilerABI.c.obj --out-implib libcmTryCompileExec626095102.dll.a --major-image-version 0 --minor-image-version 0 -lmingw32 -lgcc -lmoldname -lmingwex -lmsvcrt -ladvapi32 -lshell32 -luser32 -lkernel32 -lmingw32 -lgcc -lmoldname -lmingwex -lmsvcrt /home/jens/winos/rosbe/i386/lib/gcc/i686-w64-mingw32/4.7.2/crtend.o]
    arg [/home/jens/winos/rosbe/i386/libexec/gcc/i686-w64-mingw32/4.7.2/collect2] ==> ignore
    arg [--sysroot=/home/jens/winos/rosbe/i386] ==> ignore
    arg [-m] ==> ignore
    arg [i386pe] ==> ignore
    arg [-Bdynamic] ==> ignore
    arg [-o] ==> ignore
    arg [cmTryCompileExec626095102.exe] ==> ignore
    arg [/home/jens/winos/rosbe/i386/lib/gcc/i686-w64-mingw32/4.7.2/../../../../i686-w64-mingw32/lib/../lib/crt2.o] ==> ignore
    arg [/home/jens/winos/rosbe/i386/lib/gcc/i686-w64-mingw32/4.7.2/crtbegin.o] ==> ignore
    arg [-L/home/jens/winos/rosbe/i386/lib/gcc/i686-w64-mingw32/4.7.2] ==> dir [/home/jens/winos/rosbe/i386/lib/gcc/i686-w64-mingw32/4.7.2]
    arg [-L/home/jens/winos/rosbe/i386/lib/gcc/i686-w64-mingw32/4.7.2/../../../../i686-w64-mingw32/lib/../lib] ==> dir [/home/jens/winos/rosbe/i386/lib/gcc/i686-w64-mingw32/4.7.2/../../../../i686-w64-mingw32/lib/../lib]
    arg [-L/home/jens/winos/rosbe/i386/mingw/lib/../lib] ==> dir [/home/jens/winos/rosbe/i386/mingw/lib/../lib]
    arg [-L/home/jens/winos/rosbe/i386/lib/gcc/i686-w64-mingw32/4.7.2/../../../../i686-w64-mingw32/lib] ==> dir [/home/jens/winos/rosbe/i386/lib/gcc/i686-w64-mingw32/4.7.2/../../../../i686-w64-mingw32/lib]
    arg [-L/home/jens/winos/rosbe/i386/mingw/lib] ==> dir [/home/jens/winos/rosbe/i386/mingw/lib]
    arg [CMakeFiles/cmTryCompileExec626095102.dir/CMakeCCompilerABI.c.obj] ==> ignore
    arg [--out-implib] ==> ignore
    arg [libcmTryCompileExec626095102.dll.a] ==> ignore
    arg [--major-image-version] ==> ignore
    arg [0] ==> ignore
    arg [--minor-image-version] ==> ignore
    arg [0] ==> ignore
    arg [-lmingw32] ==> lib [mingw32]
    arg [-lgcc] ==> lib [gcc]
    arg [-lmoldname] ==> lib [moldname]
    arg [-lmingwex] ==> lib [mingwex]
    arg [-lmsvcrt] ==> lib [msvcrt]
    arg [-ladvapi32] ==> lib [advapi32]
    arg [-lshell32] ==> lib [shell32]
    arg [-luser32] ==> lib [user32]
    arg [-lkernel32] ==> lib [kernel32]
    arg [-lmingw32] ==> lib [mingw32]
    arg [-lgcc] ==> lib [gcc]
    arg [-lmoldname] ==> lib [moldname]
    arg [-lmingwex] ==> lib [mingwex]
    arg [-lmsvcrt] ==> lib [msvcrt]
    arg [/home/jens/winos/rosbe/i386/lib/gcc/i686-w64-mingw32/4.7.2/crtend.o] ==> ignore
  remove lib [gcc]
  remove lib [gcc]
  collapse library dir [/home/jens/winos/rosbe/i386/lib/gcc/i686-w64-mingw32/4.7.2] ==> [/home/jens/winos/rosbe/i386/lib/gcc/i686-w64-mingw32/4.7.2]
  collapse library dir [/home/jens/winos/rosbe/i386/lib/gcc/i686-w64-mingw32/4.7.2/../../../../i686-w64-mingw32/lib/../lib] ==> [/home/jens/winos/rosbe/i386/i686-w64-mingw32/lib]
  collapse library dir [/home/jens/winos/rosbe/i386/mingw/lib/../lib] ==> [/home/jens/winos/rosbe/i386/mingw/lib]
  collapse library dir [/home/jens/winos/rosbe/i386/lib/gcc/i686-w64-mingw32/4.7.2/../../../../i686-w64-mingw32/lib] ==> [/home/jens/winos/rosbe/i386/i686-w64-mingw32/lib]
  collapse library dir [/home/jens/winos/rosbe/i386/mingw/lib] ==> [/home/jens/winos/rosbe/i386/mingw/lib]
  implicit libs: [mingw32;moldname;mingwex;msvcrt;advapi32;shell32;user32;kernel32;mingw32;moldname;mingwex;msvcrt]
  implicit dirs: [/home/jens/winos/rosbe/i386/lib/gcc/i686-w64-mingw32/4.7.2;/home/jens/winos/rosbe/i386/i686-w64-mingw32/lib;/home/jens/winos/rosbe/i386/mingw/lib]
  implicit fwks: []


Determining if the CXX compiler works passed with the following output:
Change Dir: /home/jens/winos/reactos/output-MinGW-i386/reactos/CMakeFiles/CMakeTmp

Run Build Command:"/home/jens/winos/rosbe/bin/ninja" "cmTryCompileExec3759280322"
[1/2] Building CXX object CMakeFiles/cmTryCompileExec3759280322.dir/testCXXCompiler.cxx.obj
[2/2] Linking CXX executable cmTryCompileExec3759280322.exe


Detecting CXX compiler ABI info compiled with the following output:
Change Dir: /home/jens/winos/reactos/output-MinGW-i386/reactos/CMakeFiles/CMakeTmp

Run Build Command:"/home/jens/winos/rosbe/bin/ninja" "cmTryCompileExec2760022553"
[1/2] Building CXX object CMakeFiles/cmTryCompileExec2760022553.dir/CMakeCXXCompilerABI.cpp.obj
[2/2] Linking CXX executable cmTryCompileExec2760022553.exe
Using built-in specs.
COLLECT_GCC=/home/jens/winos/rosbe/i386/bin/i686-w64-mingw32-g++
COLLECT_LTO_WRAPPER=/home/jens/winos/rosbe/i386/libexec/gcc/i686-w64-mingw32/4.7.2/lto-wrapper
Target: i686-w64-mingw32
Configured with: ../gcc/configure --target=i686-w64-mingw32 --prefix=/home/jens/winos/rosbe/i386 --with-sysroot=/home/jens/winos/rosbe/i386 --with-pkgversion=RosBE-Unix --enable-languages=c,c++ --enable-fully-dynamic-string --enable-checking=release --enable-version-specific-runtime-libs --enable-plugins --disable-shared --disable-multilib --disable-nls --disable-werror --with-gnu-ld --with-gnu-as
Thread model: win32
gcc version 4.7.2 (RosBE-Unix) 
COMPILER_PATH=/home/jens/winos/rosbe/i386/libexec/gcc/i686-w64-mingw32/4.7.2/:/home/jens/winos/rosbe/i386/libexec/gcc/i686-w64-mingw32/4.7.2/:/home/jens/winos/rosbe/i386/libexec/gcc/i686-w64-mingw32/:/home/jens/winos/rosbe/i386/lib/gcc/i686-w64-mingw32/4.7.2/:/home/jens/winos/rosbe/i386/lib/gcc/i686-w64-mingw32/:/home/jens/winos/rosbe/i386/lib/gcc/i686-w64-mingw32/4.7.2/../../../../i686-w64-mingw32/bin/
LIBRARY_PATH=/home/jens/winos/rosbe/i386/lib/gcc/i686-w64-mingw32/4.7.2/:/home/jens/winos/rosbe/i386/lib/gcc/i686-w64-mingw32/4.7.2/../../../../i686-w64-mingw32/lib/../lib/:/home/jens/winos/rosbe/i386/mingw/lib/../lib/:/home/jens/winos/rosbe/i386/lib/gcc/i686-w64-mingw32/4.7.2/../../../../i686-w64-mingw32/lib/:/home/jens/winos/rosbe/i386/mingw/lib/
COLLECT_GCC_OPTIONS='-g' '-v' '-o' 'cmTryCompileExec2760022553.exe' '-mtune=generic' '-march=pentiumpro'
 /home/jens/winos/rosbe/i386/libexec/gcc/i686-w64-mingw32/4.7.2/collect2 --sysroot=/home/jens/winos/rosbe/i386 -m i386pe -Bdynamic -o cmTryCompileExec2760022553.exe /home/jens/winos/rosbe/i386/lib/gcc/i686-w64-mingw32/4.7.2/../../../../i686-w64-mingw32/lib/../lib/crt2.o /home/jens/winos/rosbe/i386/lib/gcc/i686-w64-mingw32/4.7.2/crtbegin.o -L/home/jens/winos/rosbe/i386/lib/gcc/i686-w64-mingw32/4.7.2 -L/home/jens/winos/rosbe/i386/lib/gcc/i686-w64-mingw32/4.7.2/../../../../i686-w64-mingw32/lib/../lib -L/home/jens/winos/rosbe/i386/mingw/lib/../lib -L/home/jens/winos/rosbe/i386/lib/gcc/i686-w64-mingw32/4.7.2/../../../../i686-w64-mingw32/lib -L/home/jens/winos/rosbe/i386/mingw/lib CMakeFiles/cmTryCompileExec2760022553.dir/CMakeCXXCompilerABI.cpp.obj --out-implib libcmTryCompileExec2760022553.dll.a --major-image-version 0 --minor-image-version 0 -lstdc++ -lmingw32 -lgcc -lmoldname -lmingwex -lmsvcrt -ladvapi32 -lshell32 -luser32 -lkernel32 -lmingw32 -lgcc -lmoldname -lmingwex -lmsvcrt /home/jens/winos/rosbe/i386/lib/gcc/i686-w64-mingw32/4.7.2/crtend.o


Parsed CXX implicit link information from above output:
  link line regex: [^( *|.*[/\])(i686-w64-mingw32-ld|([^/\]+-)?ld|collect2)[^/\]*( |$)]
  ignore line: [Change Dir: /home/jens/winos/reactos/output-MinGW-i386/reactos/CMakeFiles/CMakeTmp]
  ignore line: []
  ignore line: [Run Build Command:"/home/jens/winos/rosbe/bin/ninja" "cmTryCompileExec2760022553"]
  ignore line: [[1/2] Building CXX object CMakeFiles/cmTryCompileExec2760022553.dir/CMakeCXXCompilerABI.cpp.obj]
  ignore line: [[2/2] Linking CXX executable cmTryCompileExec2760022553.exe]
  ignore line: [Using built-in specs.]
  ignore line: [COLLECT_GCC=/home/jens/winos/rosbe/i386/bin/i686-w64-mingw32-g++]
  ignore line: [COLLECT_LTO_WRAPPER=/home/jens/winos/rosbe/i386/libexec/gcc/i686-w64-mingw32/4.7.2/lto-wrapper]
  ignore line: [Target: i686-w64-mingw32]
  ignore line: [Configured with: ../gcc/configure --target=i686-w64-mingw32 --prefix=/home/jens/winos/rosbe/i386 --with-sysroot=/home/jens/winos/rosbe/i386 --with-pkgversion=RosBE-Unix --enable-languages=c,c++ --enable-fully-dynamic-string --enable-checking=release --enable-version-specific-runtime-libs --enable-plugins --disable-shared --disable-multilib --disable-nls --disable-werror --with-gnu-ld --with-gnu-as]
  ignore line: [Thread model: win32]
  ignore line: [gcc version 4.7.2 (RosBE-Unix) ]
  ignore line: [COMPILER_PATH=/home/jens/winos/rosbe/i386/libexec/gcc/i686-w64-mingw32/4.7.2/:/home/jens/winos/rosbe/i386/libexec/gcc/i686-w64-mingw32/4.7.2/:/home/jens/winos/rosbe/i386/libexec/gcc/i686-w64-mingw32/:/home/jens/winos/rosbe/i386/lib/gcc/i686-w64-mingw32/4.7.2/:/home/jens/winos/rosbe/i386/lib/gcc/i686-w64-mingw32/:/home/jens/winos/rosbe/i386/lib/gcc/i686-w64-mingw32/4.7.2/../../../../i686-w64-mingw32/bin/]
  ignore line: [LIBRARY_PATH=/home/jens/winos/rosbe/i386/lib/gcc/i686-w64-mingw32/4.7.2/:/home/jens/winos/rosbe/i386/lib/gcc/i686-w64-mingw32/4.7.2/../../../../i686-w64-mingw32/lib/../lib/:/home/jens/winos/rosbe/i386/mingw/lib/../lib/:/home/jens/winos/rosbe/i386/lib/gcc/i686-w64-mingw32/4.7.2/../../../../i686-w64-mingw32/lib/:/home/jens/winos/rosbe/i386/mingw/lib/]
  ignore line: [COLLECT_GCC_OPTIONS='-g' '-v' '-o' 'cmTryCompileExec2760022553.exe' '-mtune=generic' '-march=pentiumpro']
  link line: [ /home/jens/winos/rosbe/i386/libexec/gcc/i686-w64-mingw32/4.7.2/collect2 --sysroot=/home/jens/winos/rosbe/i386 -m i386pe -Bdynamic -o cmTryCompileExec2760022553.exe /home/jens/winos/rosbe/i386/lib/gcc/i686-w64-mingw32/4.7.2/../../../../i686-w64-mingw32/lib/../lib/crt2.o /home/jens/winos/rosbe/i386/lib/gcc/i686-w64-mingw32/4.7.2/crtbegin.o -L/home/jens/winos/rosbe/i386/lib/gcc/i686-w64-mingw32/4.7.2 -L/home/jens/winos/rosbe/i386/lib/gcc/i686-w64-mingw32/4.7.2/../../../../i686-w64-mingw32/lib/../lib -L/home/jens/winos/rosbe/i386/mingw/lib/../lib -L/home/jens/winos/rosbe/i386/lib/gcc/i686-w64-mingw32/4.7.2/../../../../i686-w64-mingw32/lib -L/home/jens/winos/rosbe/i386/mingw/lib CMakeFiles/cmTryCompileExec2760022553.dir/CMakeCXXCompilerABI.cpp.obj --out-implib libcmTryCompileExec2760022553.dll.a --major-image-version 0 --minor-image-version 0 -lstdc++ -lmingw32 -lgcc -lmoldname -lmingwex -lmsvcrt -ladvapi32 -lshell32 -luser32 -lkernel32 -lmingw32 -lgcc -lmoldname -lmingwex -lmsvcrt /home/jens/winos/rosbe/i386/lib/gcc/i686-w64-mingw32/4.7.2/crtend.o]
    arg [/home/jens/winos/rosbe/i386/libexec/gcc/i686-w64-mingw32/4.7.2/collect2] ==> ignore
    arg [--sysroot=/home/jens/winos/rosbe/i386] ==> ignore
    arg [-m] ==> ignore
    arg [i386pe] ==> ignore
    arg [-Bdynamic] ==> ignore
    arg [-o] ==> ignore
    arg [cmTryCompileExec2760022553.exe] ==> ignore
    arg [/home/jens/winos/rosbe/i386/lib/gcc/i686-w64-mingw32/4.7.2/../../../../i686-w64-mingw32/lib/../lib/crt2.o] ==> ignore
    arg [/home/jens/winos/rosbe/i386/lib/gcc/i686-w64-mingw32/4.7.2/crtbegin.o] ==> ignore
    arg [-L/home/jens/winos/rosbe/i386/lib/gcc/i686-w64-mingw32/4.7.2] ==> dir [/home/jens/winos/rosbe/i386/lib/gcc/i686-w64-mingw32/4.7.2]
    arg [-L/home/jens/winos/rosbe/i386/lib/gcc/i686-w64-mingw32/4.7.2/../../../../i686-w64-mingw32/lib/../lib] ==> dir [/home/jens/winos/rosbe/i386/lib/gcc/i686-w64-mingw32/4.7.2/../../../../i686-w64-mingw32/lib/../lib]
    arg [-L/home/jens/winos/rosbe/i386/mingw/lib/../lib] ==> dir [/home/jens/winos/rosbe/i386/mingw/lib/../lib]
    arg [-L/home/jens/winos/rosbe/i386/lib/gcc/i686-w64-mingw32/4.7.2/../../../../i686-w64-mingw32/lib] ==> dir [/home/jens/winos/rosbe/i386/lib/gcc/i686-w64-mingw32/4.7.2/../../../../i686-w64-mingw32/lib]
    arg [-L/home/jens/winos/rosbe/i386/mingw/lib] ==> dir [/home/jens/winos/rosbe/i386/mingw/lib]
    arg [CMakeFiles/cmTryCompileExec2760022553.dir/CMakeCXXCompilerABI.cpp.obj] ==> ignore
    arg [--out-implib] ==> ignore
    arg [libcmTryCompileExec2760022553.dll.a] ==> ignore
    arg [--major-image-version] ==> ignore
    arg [0] ==> ignore
    arg [--minor-image-version] ==> ignore
    arg [0] ==> ignore
    arg [-lstdc++] ==> lib [stdc++]
    arg [-lmingw32] ==> lib [mingw32]
    arg [-lgcc] ==> lib [gcc]
    arg [-lmoldname] ==> lib [moldname]
    arg [-lmingwex] ==> lib [mingwex]
    arg [-lmsvcrt] ==> lib [msvcrt]
    arg [-ladvapi32] ==> lib [advapi32]
    arg [-lshell32] ==> lib [shell32]
    arg [-luser32] ==> lib [user32]
    arg [-lkernel32] ==> lib [kernel32]
    arg [-lmingw32] ==> lib [mingw32]
    arg [-lgcc] ==> lib [gcc]
    arg [-lmoldname] ==> lib [moldname]
    arg [-lmingwex] ==> lib [mingwex]
    arg [-lmsvcrt] ==> lib [msvcrt]
    arg [/home/jens/winos/rosbe/i386/lib/gcc/i686-w64-mingw32/4.7.2/crtend.o] ==> ignore
  remove lib [gcc]
  remove lib [gcc]
  collapse library dir [/home/jens/winos/rosbe/i386/lib/gcc/i686-w64-mingw32/4.7.2] ==> [/home/jens/winos/rosbe/i386/lib/gcc/i686-w64-mingw32/4.7.2]
  collapse library dir [/home/jens/winos/rosbe/i386/lib/gcc/i686-w64-mingw32/4.7.2/../../../../i686-w64-mingw32/lib/../lib] ==> [/home/jens/winos/rosbe/i386/i686-w64-mingw32/lib]
  collapse library dir [/home/jens/winos/rosbe/i386/mingw/lib/../lib] ==> [/home/jens/winos/rosbe/i386/mingw/lib]
  collapse library dir [/home/jens/winos/rosbe/i386/lib/gcc/i686-w64-mingw32/4.7.2/../../../../i686-w64-mingw32/lib] ==> [/home/jens/winos/rosbe/i386/i686-w64-mingw32/lib]
  collapse library dir [/home/jens/winos/rosbe/i386/mingw/lib] ==> [/home/jens/winos/rosbe/i386/mingw/lib]
  implicit libs: [stdc++;mingw32;moldname;mingwex;msvcrt;advapi32;shell32;user32;kernel32;mingw32;moldname;mingwex;msvcrt]
  implicit dirs: [/home/jens/winos/rosbe/i386/lib/gcc/i686-w64-mingw32/4.7.2;/home/jens/winos/rosbe/i386/i686-w64-mingw32/lib;/home/jens/winos/rosbe/i386/mingw/lib]
  implicit fwks: []


